_______________________________________________
0    前期参数设置
当前环境灰度值为： 50.47
_______________________________________________
1    获取区域内的定位点
---------------------
区间下移量： 1150
退出标志为：灰度均值不一致
---------------------
区间下移量： 1200
退出标志为：灰度均值不一致
---------------------
* 初次获取定位点
区间下移量： 1250
定位点X轴坐标： [872.5, 1551.5, 197.5]
定位点X轴差值： [675. 679.]
定位点Y轴坐标： [1389.5, 1378.5, 1382.5]
定位点直径： [100.7, 96.0, 79.5]
定位点灰度值： [178.57 191.71 173.15]
检测到定位点，阈值为： 140
_______________________________________________
2    初次矫正图像角度
---------------------
定位点倾斜角度： -0.16926325800220954
_______________________________________________
3    再次矫正图像角度
---------------------
参考点Y轴： 1283
矫正后定位点X轴坐标： [885.5, 1563.5, 215.5]
矫正后定位点Y轴坐标： [1391.5, 1392.5, 1388.5]
矫正后定位点直径： [100.2, 87.5, 76.2]
定位点灰度均值判读阈值： 166.53
---------------------
* 判断底部定位点情况
底部全部定位点不存在
---------------------
* 输出底部存在的定位点
试剂点X轴坐标： [215.5, 550.5, 885.5, 1224.5, 1563.5]
试剂点Y轴坐标： [1733, 2033, 2383, 2713, 3053, 3383, 3733, 4063]
_______________________________________________
4    圈定试剂点
定位点X轴： [215.5, 885.5, 1563.5]
定位点X轴： [1388.5, 1391.5, 1392.5]
定位点: 1 215.5 1388.5
定位点: 2 885.5 1391.5
定位点: 3 1563.5 1392.5
背景值-扣除： 298002
当前年份： 2024
_______________________________________________
5    输出最终数据
参数-二值化阈值： 140
参数-ROI下移区间： 1250
参数-图像矫正角度： -0.169
参数-环境灰度值： 50.470
发光矩阵： [[1095533 -298002 1365723 -298002 1372170]
 [  92754   66682   68361   55653   98561]
 [  94383   84880   50138   57907   75579]
 [1375053  343235  924575  383978  187809]
 [1375053  328488  884595  391545  187892]
 [  88829 1042217   73020   72565   26640]
 [  34906 1046234   41228   32066   20377]
 [  12650   53237   10125    8014    5839]
 [      0    9031    6793    2547    3514]]
性质矩阵： [['0' '0' '0' '0' '0']
 ['弱阳性' '弱阳性' '弱阳性' '阴性' '弱阳性']
 ['弱阳性' '弱阳性' '阴性' '阴性' '弱阳性']
 ['强阳性' '弱阳性' '中阳性' '弱阳性' '弱阳性']
 ['强阳性' '弱阳性' '中阳性' '弱阳性' '弱阳性']
 ['弱阳性' '中阳性' '弱阳性' '弱阳性' '阴性']
 ['阴性' '中阳性' '阴性' '阴性' '阴性']
 ['阴性' '阴性' '阴性' '阴性' '阴性']
 ['阴性' '阴性' '阴性' '阴性' '阴性']]
时间消耗：0.91 s
