_______________________________________________
0    前期参数设置
当前环境灰度值为： 51.82
_______________________________________________
1    获取区域内的定位点
---------------------
* 初次获取定位点
区间下移量： 900
定位点X轴坐标： [1888.5, 547.5, 1224.5]
定位点X轴差值： [677. 664.]
定位点Y轴坐标： [1145.5, 1123.5, 1132.5]
定位点直径： [102.2, 93.8, 94.9]
定位点灰度值： [188.33 196.9  199.55]
检测到定位点，阈值为： 140
_______________________________________________
2    初次矫正图像角度
---------------------
定位点倾斜角度： 0.9398911862487636
_______________________________________________
3    再次矫正图像角度
---------------------
参考点Y轴： 1033
矫正后定位点X轴坐标： [1911.5, 568.5, 1238.5]
矫正后定位点Y轴坐标： [1145.5, 1153.5, 1151.5]
矫正后定位点直径： [92.3, 91.2, 92.8]
定位点灰度均值判读阈值： 182.42
---------------------
* 判断底部定位点情况
左侧定位点的灰度均值： 193.27
右侧定位点的灰度均值： 210.84
底部定位点左边点坐标：(589,3837)
底部定位点右边点坐标：(1929,3840)
---------------------
* 输出底部存在的定位点
试剂点X轴坐标误差值： 19.0
试剂点X轴坐标： [568.5, 903.5, 1238.5, 1575.0, 1911.5]
试剂点Y轴坐标： [1486, 1822, 2158, 2494, 2830, 3166, 3502, 3839]
_______________________________________________
4    圈定试剂点
定位点X轴： [568.5, 1238.5, 1911.5]
定位点X轴： [1153.5, 1151.5, 1145.5]
定位点: 1 568.5 1153.5
定位点: 2 1238.5 1151.5
定位点: 3 1911.5 1145.5
背景值-扣除： 349869
当前年份： 2024
_______________________________________________
5    输出最终数据
参数-二值化阈值： 140
参数-ROI下移区间： 900
参数-图像矫正角度： 0.940
参数-环境灰度值： 51.820
发光矩阵： [[1323184 -349869 1323181 -349869 1323186]
 [ 100526 1323179 1323186 1323159  104545]
 [  64051 1323186 1323186 1323186   84718]
 [  26194  130759 1323186 1323186   69341]
 [   4306   80113  144799 1323186   42976]
 [  35206 1323184   94073   68707      80]
 [  44897 1323186   75790   64458       0]
 [  24803   66856  113778 1323181   85448]
 [1323106   77361 1323186 1323186 1323176]]
性质矩阵： [['0' '0' '0' '0' '0']
 ['弱阳性' '强阳性' '强阳性' '强阳性' '弱阳性']
 ['弱阳性' '强阳性' '强阳性' '强阳性' '弱阳性']
 ['阴性' '弱阳性' '强阳性' '强阳性' '弱阳性']
 ['阴性' '弱阳性' '弱阳性' '强阳性' '阴性']
 ['阴性' '强阳性' '弱阳性' '弱阳性' '阴性']
 ['阴性' '强阳性' '弱阳性' '弱阳性' '阴性']
 ['阴性' '弱阳性' '弱阳性' '强阳性' '弱阳性']
 ['强阳性' '弱阳性' '强阳性' '强阳性' '强阳性']]
时间消耗：0.70 s
